C:\USERS\SEREGAMIL\DOCUMENTS\GITHUB\.NET-PLUGIN\SOURCE\DOTNET\DEBUG\AMXPLUGIN.OBJ
C:\USERS\SEREGAMIL\DOCUMENTS\GITHUB\.NET-PLUGIN\SOURCE\DOTNET\DEBUG\DOTNET.OBJ
C:\USERS\SEREGAMIL\DOCUMENTS\GITHUB\.NET-PLUGIN\SOURCE\DOTNET\DEBUG\VC110.PDB
S:\gta-o\plugins\dotnet.lib
S:\gta-o\plugins\dotnet.exp
S:\GTA-O\PLUGINS\DOTNET.ILK
S:\GTA-O\PLUGINS\DOTNET.DLL
S:\GTA-O\PLUGINS\DOTNET.PDB
C:\Users\Seregamil\Documents\GitHub\.NET-plugin\source\dotnet\Debug\amxplugin.obj
C:\Users\Seregamil\Documents\GitHub\.NET-plugin\source\dotnet\Debug\dotnet.obj
C:\Users\Seregamil\Documents\GitHub\.NET-plugin\source\dotnet\Debug\c_sharp.tlh
C:\Users\Seregamil\Documents\GitHub\.NET-plugin\source\dotnet\Debug\cl.command.1.tlog
C:\Users\Seregamil\Documents\GitHub\.NET-plugin\source\dotnet\Debug\CL.read.1.tlog
C:\Users\Seregamil\Documents\GitHub\.NET-plugin\source\dotnet\Debug\CL.write.1.tlog
C:\Users\Seregamil\Documents\GitHub\.NET-plugin\source\dotnet\Debug\dotnet.write.1.tlog
C:\Users\Seregamil\Documents\GitHub\.NET-plugin\source\dotnet\Debug\link-cvtres.read.1.tlog
C:\Users\Seregamil\Documents\GitHub\.NET-plugin\source\dotnet\Debug\link-cvtres.write.1.tlog
C:\Users\Seregamil\Documents\GitHub\.NET-plugin\source\dotnet\Debug\link-rc.read.1.tlog
C:\Users\Seregamil\Documents\GitHub\.NET-plugin\source\dotnet\Debug\link-rc.write.1.tlog
C:\Users\Seregamil\Documents\GitHub\.NET-plugin\source\dotnet\Debug\link.2624-cvtres.read.1.tlog
C:\Users\Seregamil\Documents\GitHub\.NET-plugin\source\dotnet\Debug\link.2624-cvtres.write.1.tlog
C:\Users\Seregamil\Documents\GitHub\.NET-plugin\source\dotnet\Debug\link.2624-rc.read.1.tlog
C:\Users\Seregamil\Documents\GitHub\.NET-plugin\source\dotnet\Debug\link.2624-rc.write.1.tlog
C:\Users\Seregamil\Documents\GitHub\.NET-plugin\source\dotnet\Debug\link.2624.read.1.tlog
C:\Users\Seregamil\Documents\GitHub\.NET-plugin\source\dotnet\Debug\link.2624.write.1.tlog
C:\Users\Seregamil\Documents\GitHub\.NET-plugin\source\dotnet\Debug\link.3476-cvtres.read.1.tlog
C:\Users\Seregamil\Documents\GitHub\.NET-plugin\source\dotnet\Debug\link.3476-cvtres.write.1.tlog
C:\Users\Seregamil\Documents\GitHub\.NET-plugin\source\dotnet\Debug\link.3476-rc.read.1.tlog
C:\Users\Seregamil\Documents\GitHub\.NET-plugin\source\dotnet\Debug\link.3476-rc.write.1.tlog
C:\Users\Seregamil\Documents\GitHub\.NET-plugin\source\dotnet\Debug\link.3476.read.1.tlog
C:\Users\Seregamil\Documents\GitHub\.NET-plugin\source\dotnet\Debug\link.3476.write.1.tlog
C:\Users\Seregamil\Documents\GitHub\.NET-plugin\source\dotnet\Debug\link.3736.read.1.tlog
C:\Users\Seregamil\Documents\GitHub\.NET-plugin\source\dotnet\Debug\link.3736.write.1.tlog
C:\Users\Seregamil\Documents\GitHub\.NET-plugin\source\dotnet\Debug\link.396-cvtres.read.1.tlog
C:\Users\Seregamil\Documents\GitHub\.NET-plugin\source\dotnet\Debug\link.396-cvtres.write.1.tlog
C:\Users\Seregamil\Documents\GitHub\.NET-plugin\source\dotnet\Debug\link.396-rc.read.1.tlog
C:\Users\Seregamil\Documents\GitHub\.NET-plugin\source\dotnet\Debug\link.396-rc.write.1.tlog
C:\Users\Seregamil\Documents\GitHub\.NET-plugin\source\dotnet\Debug\link.396.read.1.tlog
C:\Users\Seregamil\Documents\GitHub\.NET-plugin\source\dotnet\Debug\link.396.write.1.tlog
C:\Users\Seregamil\Documents\GitHub\.NET-plugin\source\dotnet\Debug\link.command.1.tlog
C:\Users\Seregamil\Documents\GitHub\.NET-plugin\source\dotnet\Debug\link.read.1.tlog
C:\Users\Seregamil\Documents\GitHub\.NET-plugin\source\dotnet\Debug\link.write.1.tlog
C:\Users\Seregamil\Documents\GitHub\.NET-plugin\source\dotnet\Debug\vc110.idb
C:\Users\Seregamil\Documents\GitHub\.NET-plugin\source\dotnet\Debug\vc110.pdb
S:\gta-o\plugins\dotnet.pdb
S:\gta-o\plugins\dotnet.dll
S:\gta-o\plugins\dotnet.ilk
