C:\USERS\SEREGAMIL\DESKTOP\SHA512\SHA512\DEBUG\VC110.PDB
C:\USERS\SEREGAMIL\DESKTOP\SHA512\DOTNET\DEBUG\DOTNET.OBJ
C:\USERS\SEREGAMIL\DESKTOP\SHA512\DOTNET\DEBUG\VC110.PDB
S:\gta-o\plugins\dotnet.lib
S:\gta-o\plugins\dotnet.exp
S:\GTA-O\PLUGINS\DOTNET.ILK
S:\GTA-O\PLUGINS\DOTNET.DLL
S:\GTA-O\PLUGINS\DOTNET.PDB
C:\Users\Seregamil\Desktop\SHA512\dotnet\Debug\amxplugin.obj
C:\Users\Seregamil\Desktop\SHA512\dotnet\Debug\dotnet.obj
C:\Users\Seregamil\Desktop\SHA512\dotnet\Debug\c_sharp.tlh
C:\Users\Seregamil\Desktop\SHA512\dotnet\Debug\cl.command.1.tlog
C:\Users\Seregamil\Desktop\SHA512\dotnet\Debug\CL.read.1.tlog
C:\Users\Seregamil\Desktop\SHA512\dotnet\Debug\CL.write.1.tlog
C:\Users\Seregamil\Desktop\SHA512\dotnet\Debug\dotnet.write.1.tlog
C:\Users\Seregamil\Desktop\SHA512\dotnet\Debug\link-cvtres.read.1.tlog
C:\Users\Seregamil\Desktop\SHA512\dotnet\Debug\link-cvtres.write.1.tlog
C:\Users\Seregamil\Desktop\SHA512\dotnet\Debug\link-rc.read.1.tlog
C:\Users\Seregamil\Desktop\SHA512\dotnet\Debug\link-rc.write.1.tlog
C:\Users\Seregamil\Desktop\SHA512\dotnet\Debug\link.1128-cvtres.read.1.tlog
C:\Users\Seregamil\Desktop\SHA512\dotnet\Debug\link.1128-cvtres.write.1.tlog
C:\Users\Seregamil\Desktop\SHA512\dotnet\Debug\link.1128-rc.read.1.tlog
C:\Users\Seregamil\Desktop\SHA512\dotnet\Debug\link.1128-rc.write.1.tlog
C:\Users\Seregamil\Desktop\SHA512\dotnet\Debug\link.1128.read.1.tlog
C:\Users\Seregamil\Desktop\SHA512\dotnet\Debug\link.1128.write.1.tlog
C:\Users\Seregamil\Desktop\SHA512\dotnet\Debug\link.1576-cvtres.read.1.tlog
C:\Users\Seregamil\Desktop\SHA512\dotnet\Debug\link.1576-cvtres.write.1.tlog
C:\Users\Seregamil\Desktop\SHA512\dotnet\Debug\link.1576-rc.read.1.tlog
C:\Users\Seregamil\Desktop\SHA512\dotnet\Debug\link.1576-rc.write.1.tlog
C:\Users\Seregamil\Desktop\SHA512\dotnet\Debug\link.1576.read.1.tlog
C:\Users\Seregamil\Desktop\SHA512\dotnet\Debug\link.1576.write.1.tlog
C:\Users\Seregamil\Desktop\SHA512\dotnet\Debug\link.3836-cvtres.read.1.tlog
C:\Users\Seregamil\Desktop\SHA512\dotnet\Debug\link.3836-cvtres.write.1.tlog
C:\Users\Seregamil\Desktop\SHA512\dotnet\Debug\link.3836-rc.read.1.tlog
C:\Users\Seregamil\Desktop\SHA512\dotnet\Debug\link.3836-rc.write.1.tlog
C:\Users\Seregamil\Desktop\SHA512\dotnet\Debug\link.3836.read.1.tlog
C:\Users\Seregamil\Desktop\SHA512\dotnet\Debug\link.3836.write.1.tlog
C:\Users\Seregamil\Desktop\SHA512\dotnet\Debug\link.3840-cvtres.read.1.tlog
C:\Users\Seregamil\Desktop\SHA512\dotnet\Debug\link.3840-cvtres.write.1.tlog
C:\Users\Seregamil\Desktop\SHA512\dotnet\Debug\link.3840-rc.read.1.tlog
C:\Users\Seregamil\Desktop\SHA512\dotnet\Debug\link.3840-rc.write.1.tlog
C:\Users\Seregamil\Desktop\SHA512\dotnet\Debug\link.3840.read.1.tlog
C:\Users\Seregamil\Desktop\SHA512\dotnet\Debug\link.3840.write.1.tlog
C:\Users\Seregamil\Desktop\SHA512\dotnet\Debug\link.command.1.tlog
C:\Users\Seregamil\Desktop\SHA512\dotnet\Debug\link.read.1.tlog
C:\Users\Seregamil\Desktop\SHA512\dotnet\Debug\link.write.1.tlog
C:\Users\Seregamil\Desktop\SHA512\dotnet\Debug\vc110.idb
C:\Users\Seregamil\Desktop\SHA512\dotnet\Debug\vc110.pdb
S:\gta-o\plugins\dotnet.pdb
S:\gta-o\plugins\dotnet.dll
S:\gta-o\plugins\dotnet.ilk
